<?xml version="1.0" encoding="UTF-8"?>
<!-- Generated by org.testng.reporters.JUnitReportReporter -->
<testsuite hostname="Prasad" failures="0" tests="1" name="com.banking.testCases.LoginTest" time="8.107" errors="0" timestamp="2024-04-04T13:21:04 IST" skipped="0">
  <testcase classname="com.banking.testCases.LoginTest" name="loginTEst" time="8.107"/>
</testsuite> <!-- com.banking.testCases.LoginTest -->
