<?xml version="1.0" encoding="UTF-8"?>
<!-- Generated by org.testng.reporters.JUnitReportReporter -->
<testsuite hostname="Prasad" failures="0" tests="1" name="com.banking.testCases.LoginTest" time="2.281" errors="0" timestamp="2024-04-02T17:41:14 IST" skipped="0">
  <testcase classname="com.banking.testCases.LoginTest" name="loginTEst" time="2.281"/>
</testsuite> <!-- com.banking.testCases.LoginTest -->
